<?xml version="1.0" encoding="UTF-8"?>
<!-- Generated by org.testng.reporters.JUnitReportReporter -->
<testsuite hostname="LAPTOP-ASFA9OCO" failures="0" tests="1" name="SeleniumFramework.SeleniumPOM.AddBestAuthorBookToWishlist" time="21.728" errors="0" timestamp="2021-10-01T22:06:36 IST" skipped="0">
  <testcase classname="SeleniumFramework.SeleniumPOM.AddBestAuthorBookToWishlist" name="addBestAuthorBookToWishlist" time="21.728"/>
  <system-out/>
</testsuite> <!-- SeleniumFramework.SeleniumPOM.AddBestAuthorBookToWishlist -->
