<?xml version="1.0" encoding="UTF-8"?>
<!-- Generated by org.testng.reporters.JUnitReportReporter -->
<testsuite hostname="LAPTOP-ASFA9OCO" failures="0" tests="2" name="SeleniumFramework.SeleniumPOM.HomePageTestCases" time="27.123" errors="0" timestamp="2021-09-26T22:39:14 IST" skipped="0">
  <testcase classname="SeleniumFramework.SeleniumPOM.HomePageTestCases" name="login" time="11.758"/>
  <system-out>
    <![CDATA[Validating the title of the page
Validating if the user successfully logged in]]>
  </system-out>
  <testcase classname="SeleniumFramework.SeleniumPOM.HomePageTestCases" name="login" time="15.365"/>
  <system-out>
    <![CDATA[Validating the title of the page
Validating if the user successfully logged in]]>
  </system-out>
</testsuite> <!-- SeleniumFramework.SeleniumPOM.HomePageTestCases -->
