<?xml version="1.0" encoding="UTF-8"?>
<!-- Generated by org.testng.reporters.JUnitReportReporter -->
<testsuite hostname="LAPTOP-ASFA9OCO" failures="0" tests="1" name="SeleniumFramework.SeleniumPOM.TestCase_002" time="17.912" errors="0" timestamp="2021-10-01T01:45:46 IST" skipped="0">
  <testcase classname="SeleniumFramework.SeleniumPOM.TestCase_002" name="creatWishList" time="17.912"/>
  <system-out/>
</testsuite> <!-- SeleniumFramework.SeleniumPOM.TestCase_002 -->
