<?xml version="1.0" encoding="UTF-8"?>
<!-- Generated by org.testng.reporters.JUnitReportReporter -->
<testsuite hostname="LAPTOP-ASFA9OCO" failures="0" tests="2" name="SeleniumFramework.SeleniumPOM.TestCase_001" time="26.796" errors="0" timestamp="2021-09-30T21:27:46 IST" skipped="0">
  <testcase classname="SeleniumFramework.SeleniumPOM.TestCase_001" name="login" time="13.353"/>
  <system-out/>
  <testcase classname="SeleniumFramework.SeleniumPOM.TestCase_001" name="login" time="13.443"/>
  <system-out/>
</testsuite> <!-- SeleniumFramework.SeleniumPOM.TestCase_001 -->
