<?xml version="1.0" encoding="UTF-8"?>
<!-- Generated by org.testng.reporters.JUnitReportReporter -->
<testsuite hostname="LAPTOP-ASFA9OCO" failures="0" tests="1" name="SeleniumFramework.SeleniumPOM.SearchAddBooksToWishlist" time="10.457" errors="0" timestamp="2021-10-01T15:33:10 IST" skipped="0">
  <testcase classname="SeleniumFramework.SeleniumPOM.SearchAddBooksToWishlist" name="SearchAddWishlist" time="10.457"/>
  <system-out/>
</testsuite> <!-- SeleniumFramework.SeleniumPOM.SearchAddBooksToWishlist -->
