<?xml version="1.0" encoding="UTF-8"?>
<!-- Generated by org.testng.reporters.JUnitReportReporter -->
<testsuite hostname="LAPTOP-ASFA9OCO" failures="0" tests="1" name="SeleniumFramework.SeleniumPOM.HomePageTestCases" time="12.514" errors="0" timestamp="2021-09-26T10:03:51 IST" skipped="0">
  <testcase classname="SeleniumFramework.SeleniumPOM.HomePageTestCases" name="login" time="12.514"/>
  <system-out/>
</testsuite> <!-- SeleniumFramework.SeleniumPOM.HomePageTestCases -->
