<?xml version="1.0" encoding="UTF-8"?>
<!-- Generated by org.testng.reporters.JUnitReportReporter -->
<testsuite hostname="LAPTOP-ASFA9OCO" failures="0" tests="1" name="SeleniumFramework.SeleniumPOM.TestCase_002" time="12.324" errors="0" timestamp="2021-09-30T20:37:09 IST" skipped="0">
  <testcase classname="SeleniumFramework.SeleniumPOM.TestCase_002" name="wishList" time="12.324"/>
  <system-out/>
</testsuite> <!-- SeleniumFramework.SeleniumPOM.TestCase_002 -->
