<?xml version="1.0" encoding="UTF-8"?>
<!-- Generated by org.testng.reporters.JUnitReportReporter -->
<testsuite hostname="LAPTOP-ASFA9OCO" failures="0" tests="2" name="SeleniumFramework.SeleniumPOM.HomePageTestCases" time="25.108" errors="0" timestamp="2021-09-27T18:37:17 IST" skipped="0">
  <testcase classname="SeleniumFramework.SeleniumPOM.HomePageTestCases" name="login" time="13.465"/>
  <system-out>
    <![CDATA[Validating if the user successfully logged in]]>
  </system-out>
  <testcase classname="SeleniumFramework.SeleniumPOM.HomePageTestCases" name="login" time="11.643"/>
  <system-out>
    <![CDATA[Validating if the user successfully logged in]]>
  </system-out>
</testsuite> <!-- SeleniumFramework.SeleniumPOM.HomePageTestCases -->
