<?xml version="1.0" encoding="UTF-8"?>
<!-- Generated by org.testng.reporters.JUnitReportReporter -->
<testsuite hostname="LAPTOP-ASFA9OCO" failures="0" tests="1" name="SeleniumFramework.SeleniumPOM.SearchAddBooksToWishlist" time="13.514" errors="0" timestamp="2021-10-01T13:17:46 IST" skipped="0">
  <testcase classname="SeleniumFramework.SeleniumPOM.SearchAddBooksToWishlist" name="SearchAddWishlist" time="13.514"/>
  <system-out/>
</testsuite> <!-- SeleniumFramework.SeleniumPOM.SearchAddBooksToWishlist -->
