<?xml version="1.0" encoding="UTF-8"?>
<!-- Generated by org.testng.reporters.JUnitReportReporter -->
<testsuite hostname="LAPTOP-ASFA9OCO" failures="0" tests="2" name="SeleniumFramework.SeleniumPOM.HomePageTestCases" time="32.005" errors="0" timestamp="2021-09-26T11:10:59 IST" skipped="0">
  <testcase classname="SeleniumFramework.SeleniumPOM.HomePageTestCases" name="login" time="15.211"/>
  <system-out/>
  <testcase classname="SeleniumFramework.SeleniumPOM.HomePageTestCases" name="login" time="16.794"/>
  <system-out/>
</testsuite> <!-- SeleniumFramework.SeleniumPOM.HomePageTestCases -->
